

Started GET "/" for 127.0.0.1 at 2015-03-02 10:58:52 -0800

ActiveRecord::PendingMigrationError (

Migrations are pending. To resolve this issue, run:

	bin/rake db:migrate RAILS_ENV=development

):
  activerecord (4.1.8) lib/active_record/migration.rb:389:in `check_pending!'
  activerecord (4.1.8) lib/active_record/migration.rb:377:in `call'
  actionpack (4.1.8) lib/action_dispatch/middleware/callbacks.rb:29:in `block in call'
  activesupport (4.1.8) lib/active_support/callbacks.rb:82:in `run_callbacks'
  actionpack (4.1.8) lib/action_dispatch/middleware/callbacks.rb:27:in `call'
  actionpack (4.1.8) lib/action_dispatch/middleware/reloader.rb:73:in `call'
  actionpack (4.1.8) lib/action_dispatch/middleware/remote_ip.rb:76:in `call'
  actionpack (4.1.8) lib/action_dispatch/middleware/debug_exceptions.rb:17:in `call'
  actionpack (4.1.8) lib/action_dispatch/middleware/show_exceptions.rb:30:in `call'
  railties (4.1.8) lib/rails/rack/logger.rb:38:in `call_app'
  railties (4.1.8) lib/rails/rack/logger.rb:20:in `block in call'
  activesupport (4.1.8) lib/active_support/tagged_logging.rb:68:in `block in tagged'
  activesupport (4.1.8) lib/active_support/tagged_logging.rb:26:in `tagged'
  activesupport (4.1.8) lib/active_support/tagged_logging.rb:68:in `tagged'
  railties (4.1.8) lib/rails/rack/logger.rb:20:in `call'
  actionpack (4.1.8) lib/action_dispatch/middleware/request_id.rb:21:in `call'
  rack (1.5.2) lib/rack/methodoverride.rb:21:in `call'
  rack (1.5.2) lib/rack/runtime.rb:17:in `call'
  activesupport (4.1.8) lib/active_support/cache/strategy/local_cache_middleware.rb:26:in `call'
  rack (1.5.2) lib/rack/lock.rb:17:in `call'
  actionpack (4.1.8) lib/action_dispatch/middleware/static.rb:84:in `call'
  rack (1.5.2) lib/rack/sendfile.rb:112:in `call'
  railties (4.1.8) lib/rails/engine.rb:514:in `call'
  railties (4.1.8) lib/rails/application.rb:144:in `call'
  rack (1.5.2) lib/rack/lock.rb:17:in `call'
  rack (1.5.2) lib/rack/content_length.rb:14:in `call'
  rack (1.5.2) lib/rack/handler/webrick.rb:60:in `service'
  /home/rwaski/.rbenv/versions/2.1.5/lib/ruby/2.1.0/webrick/httpserver.rb:138:in `service'
  /home/rwaski/.rbenv/versions/2.1.5/lib/ruby/2.1.0/webrick/httpserver.rb:94:in `run'
  /home/rwaski/.rbenv/versions/2.1.5/lib/ruby/2.1.0/webrick/server.rb:295:in `block in start_thread'


  Rendered /home/rwaski/.rvm/gems/ruby-2.1.5/gems/actionpack-4.1.8/lib/action_dispatch/middleware/templates/rescues/_source.erb (0.3ms)
  Rendered /home/rwaski/.rvm/gems/ruby-2.1.5/gems/actionpack-4.1.8/lib/action_dispatch/middleware/templates/rescues/_trace.html.erb (0.7ms)
  Rendered /home/rwaski/.rvm/gems/ruby-2.1.5/gems/actionpack-4.1.8/lib/action_dispatch/middleware/templates/rescues/_request_and_response.html.erb (0.5ms)
  Rendered /home/rwaski/.rvm/gems/ruby-2.1.5/gems/actionpack-4.1.8/lib/action_dispatch/middleware/templates/rescues/diagnostics.erb within rescues/layout (8.6ms)


Started GET "/" for 127.0.0.1 at 2015-03-02 10:59:21 -0800

ActiveRecord::PendingMigrationError (

Migrations are pending. To resolve this issue, run:

	bin/rake db:migrate RAILS_ENV=development

):
  activerecord (4.1.8) lib/active_record/migration.rb:389:in `check_pending!'
  activerecord (4.1.8) lib/active_record/migration.rb:377:in `call'
  actionpack (4.1.8) lib/action_dispatch/middleware/callbacks.rb:29:in `block in call'
  activesupport (4.1.8) lib/active_support/callbacks.rb:82:in `run_callbacks'
  actionpack (4.1.8) lib/action_dispatch/middleware/callbacks.rb:27:in `call'
  actionpack (4.1.8) lib/action_dispatch/middleware/reloader.rb:73:in `call'
  actionpack (4.1.8) lib/action_dispatch/middleware/remote_ip.rb:76:in `call'
  actionpack (4.1.8) lib/action_dispatch/middleware/debug_exceptions.rb:17:in `call'
  actionpack (4.1.8) lib/action_dispatch/middleware/show_exceptions.rb:30:in `call'
  railties (4.1.8) lib/rails/rack/logger.rb:38:in `call_app'
  railties (4.1.8) lib/rails/rack/logger.rb:20:in `block in call'
  activesupport (4.1.8) lib/active_support/tagged_logging.rb:68:in `block in tagged'
  activesupport (4.1.8) lib/active_support/tagged_logging.rb:26:in `tagged'
  activesupport (4.1.8) lib/active_support/tagged_logging.rb:68:in `tagged'
  railties (4.1.8) lib/rails/rack/logger.rb:20:in `call'
  actionpack (4.1.8) lib/action_dispatch/middleware/request_id.rb:21:in `call'
  rack (1.5.2) lib/rack/methodoverride.rb:21:in `call'
  rack (1.5.2) lib/rack/runtime.rb:17:in `call'
  activesupport (4.1.8) lib/active_support/cache/strategy/local_cache_middleware.rb:26:in `call'
  rack (1.5.2) lib/rack/lock.rb:17:in `call'
  actionpack (4.1.8) lib/action_dispatch/middleware/static.rb:84:in `call'
  rack (1.5.2) lib/rack/sendfile.rb:112:in `call'
  railties (4.1.8) lib/rails/engine.rb:514:in `call'
  railties (4.1.8) lib/rails/application.rb:144:in `call'
  rack (1.5.2) lib/rack/lock.rb:17:in `call'
  rack (1.5.2) lib/rack/content_length.rb:14:in `call'
  rack (1.5.2) lib/rack/handler/webrick.rb:60:in `service'
  /home/rwaski/.rbenv/versions/2.1.5/lib/ruby/2.1.0/webrick/httpserver.rb:138:in `service'
  /home/rwaski/.rbenv/versions/2.1.5/lib/ruby/2.1.0/webrick/httpserver.rb:94:in `run'
  /home/rwaski/.rbenv/versions/2.1.5/lib/ruby/2.1.0/webrick/server.rb:295:in `block in start_thread'


  Rendered /home/rwaski/.rvm/gems/ruby-2.1.5/gems/actionpack-4.1.8/lib/action_dispatch/middleware/templates/rescues/_source.erb (0.3ms)
  Rendered /home/rwaski/.rvm/gems/ruby-2.1.5/gems/actionpack-4.1.8/lib/action_dispatch/middleware/templates/rescues/_trace.html.erb (0.6ms)
  Rendered /home/rwaski/.rvm/gems/ruby-2.1.5/gems/actionpack-4.1.8/lib/action_dispatch/middleware/templates/rescues/_request_and_response.html.erb (0.6ms)
  Rendered /home/rwaski/.rvm/gems/ruby-2.1.5/gems/actionpack-4.1.8/lib/action_dispatch/middleware/templates/rescues/diagnostics.erb within rescues/layout (7.8ms)
  [1m[36m (111.6ms)[0m  [1mCREATE TABLE "schema_migrations" ("version" varchar(255) NOT NULL) [0m
  [1m[35m (0.1ms)[0m  select sqlite_version(*)
  [1m[36m (74.6ms)[0m  [1mCREATE UNIQUE INDEX "unique_schema_migrations" ON "schema_migrations" ("version")[0m
  [1m[35mActiveRecord::SchemaMigration Load (0.0ms)[0m  SELECT "schema_migrations".* FROM "schema_migrations"
Migrating to CreateArticles (20150301234405)
  [1m[36m (0.0ms)[0m  [1mbegin transaction[0m
  [1m[35m (0.2ms)[0m  CREATE TABLE "articles" ("id" INTEGER PRIMARY KEY AUTOINCREMENT NOT NULL, "title" varchar(255), "text" text, "created_at" datetime, "updated_at" datetime) 
  [1m[36mSQL (0.1ms)[0m  [1mINSERT INTO "schema_migrations" ("version") VALUES (?)[0m  [["version", "20150301234405"]]
  [1m[35m (77.1ms)[0m  commit transaction
Migrating to CreateComments (20150302002848)
  [1m[36m (0.1ms)[0m  [1mbegin transaction[0m
  [1m[35m (0.2ms)[0m  CREATE TABLE "comments" ("id" INTEGER PRIMARY KEY AUTOINCREMENT NOT NULL, "commenter" varchar(255), "body" text, "article_id" integer, "created_at" datetime, "updated_at" datetime) 
  [1m[36m (0.1ms)[0m  [1mCREATE  INDEX "index_comments_on_article_id" ON "comments" ("article_id")[0m
  [1m[35mSQL (0.1ms)[0m  INSERT INTO "schema_migrations" ("version") VALUES (?)  [["version", "20150302002848"]]
  [1m[36m (73.1ms)[0m  [1mcommit transaction[0m
  [1m[35mActiveRecord::SchemaMigration Load (0.0ms)[0m  SELECT "schema_migrations".* FROM "schema_migrations"
  [1m[36m (0.1ms)[0m  [1m            SELECT sql
            FROM sqlite_master
            WHERE name='index_comments_on_article_id' AND type='index'
            UNION ALL
            SELECT sql
            FROM sqlite_temp_master
            WHERE name='index_comments_on_article_id' AND type='index'
[0m


Started GET "/" for 127.0.0.1 at 2015-03-02 11:00:28 -0800
  [1m[36mActiveRecord::SchemaMigration Load (0.1ms)[0m  [1mSELECT "schema_migrations".* FROM "schema_migrations"[0m
Processing by WelcomeController#index as HTML
  Rendered welcome/index.html.erb within layouts/application (0.5ms)
Completed 200 OK in 754ms (Views: 749.0ms | ActiveRecord: 0.0ms)


Started GET "/assets/articles.css?body=1" for 127.0.0.1 at 2015-03-02 11:00:29 -0800


Started GET "/assets/welcome.css?body=1" for 127.0.0.1 at 2015-03-02 11:00:29 -0800


Started GET "/assets/application.css?body=1" for 127.0.0.1 at 2015-03-02 11:00:29 -0800


Started GET "/assets/jquery.js?body=1" for 127.0.0.1 at 2015-03-02 11:00:29 -0800


Started GET "/assets/jquery_ujs.js?body=1" for 127.0.0.1 at 2015-03-02 11:00:29 -0800


Started GET "/assets/turbolinks.js?body=1" for 127.0.0.1 at 2015-03-02 11:00:29 -0800


Started GET "/assets/articles.js?body=1" for 127.0.0.1 at 2015-03-02 11:00:29 -0800


Started GET "/assets/welcome.js?body=1" for 127.0.0.1 at 2015-03-02 11:00:29 -0800


Started GET "/assets/application.js?body=1" for 127.0.0.1 at 2015-03-02 11:00:29 -0800


Started GET "/articles" for 127.0.0.1 at 2015-03-02 11:02:02 -0800
Processing by ArticlesController#index as HTML
  [1m[35mArticle Load (0.1ms)[0m  SELECT "articles".* FROM "articles"
  Rendered articles/index.html.erb within layouts/application (1.2ms)
Completed 200 OK in 73ms (Views: 47.4ms | ActiveRecord: 0.1ms)


Started GET "/articles/new" for 127.0.0.1 at 2015-03-02 11:02:05 -0800
Processing by ArticlesController#new as HTML
Filter chain halted as #<Proc:0x007f2352c2c348@/home/rwaski/.rvm/gems/ruby-2.1.5/gems/actionpack-4.1.8/lib/action_controller/metal/http_authentication.rb:71> rendered or redirected
Completed 401 Unauthorized in 1ms (ActiveRecord: 0.0ms)


Started GET "/articles/new" for 127.0.0.1 at 2015-03-02 11:02:28 -0800
Processing by ArticlesController#new as HTML
  Rendered articles/_form.html.erb (25.4ms)
  Rendered articles/new.html.erb within layouts/application (28.2ms)
Completed 200 OK in 71ms (Views: 68.2ms | ActiveRecord: 0.3ms)


Started POST "/articles" for 127.0.0.1 at 2015-03-02 11:02:40 -0800
Processing by ArticlesController#create as HTML
  Parameters: {"utf8"=>"✓", "authenticity_token"=>"R7XQdiikiX31XDYk7tcU+V0BEIO1LLJNjYrVPdiTozg=", "article"=>{"title"=>"tit", "text"=>"bub"}, "commit"=>"Create Article"}
Filter chain halted as #<Proc:0x007f2352c2c348@/home/rwaski/.rvm/gems/ruby-2.1.5/gems/actionpack-4.1.8/lib/action_controller/metal/http_authentication.rb:71> rendered or redirected
Completed 401 Unauthorized in 1ms (ActiveRecord: 0.0ms)


Started POST "/articles" for 127.0.0.1 at 2015-03-02 11:02:40 -0800
Processing by ArticlesController#create as HTML
  Parameters: {"utf8"=>"✓", "authenticity_token"=>"R7XQdiikiX31XDYk7tcU+V0BEIO1LLJNjYrVPdiTozg=", "article"=>{"title"=>"tit", "text"=>"bub"}, "commit"=>"Create Article"}
  [1m[36m (0.1ms)[0m  [1mbegin transaction[0m
  [1m[35m (0.0ms)[0m  rollback transaction
  Rendered articles/_form.html.erb (2.2ms)
  Rendered articles/new.html.erb within layouts/application (2.9ms)
Completed 200 OK in 29ms (Views: 27.1ms | ActiveRecord: 0.1ms)


Started GET "/assets/jquery_ujs.js?body=1" for 127.0.0.1 at 2015-03-02 11:02:40 -0800


Started GET "/assets/jquery.js?body=1" for 127.0.0.1 at 2015-03-02 11:02:40 -0800


Started POST "/articles" for 127.0.0.1 at 2015-03-02 11:02:53 -0800
Processing by ArticlesController#create as HTML
  Parameters: {"utf8"=>"✓", "authenticity_token"=>"R7XQdiikiX31XDYk7tcU+V0BEIO1LLJNjYrVPdiTozg=", "article"=>{"title"=>"tit52345", "text"=>"bub"}, "commit"=>"Create Article"}
  [1m[36m (0.1ms)[0m  [1mbegin transaction[0m
  [1m[35mSQL (0.3ms)[0m  INSERT INTO "articles" ("created_at", "text", "title", "updated_at") VALUES (?, ?, ?, ?)  [["created_at", "2015-03-02 19:02:53.584252"], ["text", "bub"], ["title", "tit52345"], ["updated_at", "2015-03-02 19:02:53.584252"]]
  [1m[36m (119.6ms)[0m  [1mcommit transaction[0m
Redirected to http://localhost:3000/articles/1
Completed 302 Found in 126ms (ActiveRecord: 119.9ms)


Started GET "/articles/1" for 127.0.0.1 at 2015-03-02 11:02:53 -0800
Processing by ArticlesController#show as HTML
  Parameters: {"id"=>"1"}
  [1m[35mArticle Load (0.2ms)[0m  SELECT  "articles".* FROM "articles"  WHERE "articles"."id" = ? LIMIT 1  [["id", 1]]
  [1m[36mComment Load (0.1ms)[0m  [1mSELECT "comments".* FROM "comments"  WHERE "comments"."article_id" = ?[0m  [["article_id", 1]]
  Rendered collection (0.0ms)
  Rendered comments/_form.html.erb (6.9ms)
  Rendered articles/show.html.erb within layouts/application (22.4ms)
Completed 200 OK in 45ms (Views: 42.4ms | ActiveRecord: 0.6ms)


Started GET "/assets/jquery.js?body=1" for 127.0.0.1 at 2015-03-02 11:02:53 -0800


Started GET "/assets/jquery_ujs.js?body=1" for 127.0.0.1 at 2015-03-02 11:02:53 -0800


Started GET "/articles/1/edit" for 127.0.0.1 at 2015-03-02 11:02:57 -0800
Processing by ArticlesController#edit as HTML
  Parameters: {"id"=>"1"}
  Rendered articles/_form.html.erb (1.2ms)
  Rendered articles/edit.html.erb within layouts/application (1.9ms)
Completed 500 Internal Server Error in 3ms

ActionView::Template::Error (First argument in form cannot contain nil or be empty):
    1: <%= form_for @article do |f| %>
    2:  
    3:   <% if @article.errors.any? %>
    4:     <div id="error_explanation">
  app/views/articles/_form.html.erb:1:in `_app_views_articles__form_html_erb__2317551272513913797_69894850730420'
  app/views/articles/edit.html.erb:3:in `_app_views_articles_edit_html_erb__996099364833904395_69894847039060'


  Rendered /home/rwaski/.rvm/gems/ruby-2.1.5/gems/actionpack-4.1.8/lib/action_dispatch/middleware/templates/rescues/_trace.html.erb (0.9ms)
  Rendered /home/rwaski/.rvm/gems/ruby-2.1.5/gems/actionpack-4.1.8/lib/action_dispatch/middleware/templates/rescues/_request_and_response.html.erb (0.7ms)
  Rendered /home/rwaski/.rvm/gems/ruby-2.1.5/gems/actionpack-4.1.8/lib/action_dispatch/middleware/templates/rescues/template_error.html.erb within rescues/layout (6.4ms)


Started GET "/articles/1/edit" for 127.0.0.1 at 2015-03-02 11:02:57 -0800
Processing by ArticlesController#edit as HTML
  Parameters: {"id"=>"1"}
  Rendered articles/_form.html.erb (0.4ms)
  Rendered articles/edit.html.erb within layouts/application (0.9ms)
Completed 500 Internal Server Error in 2ms

ActionView::Template::Error (First argument in form cannot contain nil or be empty):
    1: <%= form_for @article do |f| %>
    2:  
    3:   <% if @article.errors.any? %>
    4:     <div id="error_explanation">
  app/views/articles/_form.html.erb:1:in `_app_views_articles__form_html_erb__2317551272513913797_69894845128940'
  app/views/articles/edit.html.erb:3:in `_app_views_articles_edit_html_erb__996099364833904395_69894845263960'


  Rendered /home/rwaski/.rvm/gems/ruby-2.1.5/gems/actionpack-4.1.8/lib/action_dispatch/middleware/templates/rescues/_trace.html.erb (0.8ms)
  Rendered /home/rwaski/.rvm/gems/ruby-2.1.5/gems/actionpack-4.1.8/lib/action_dispatch/middleware/templates/rescues/_request_and_response.html.erb (0.7ms)
  Rendered /home/rwaski/.rvm/gems/ruby-2.1.5/gems/actionpack-4.1.8/lib/action_dispatch/middleware/templates/rescues/template_error.html.erb within rescues/layout (6.3ms)


Started GET "/" for 127.0.0.1 at 2015-03-02 11:04:44 -0800
Processing by WelcomeController#index as HTML
  Rendered welcome/index.html.erb within layouts/application (0.0ms)
Completed 200 OK in 29ms (Views: 28.3ms | ActiveRecord: 0.0ms)


Started GET "/" for 127.0.0.1 at 2015-03-02 11:11:59 -0800
  [1m[36mActiveRecord::SchemaMigration Load (0.1ms)[0m  [1mSELECT "schema_migrations".* FROM "schema_migrations"[0m
Processing by WelcomeController#index as HTML
  Rendered welcome/index.html.erb within layouts/application (0.6ms)
Completed 200 OK in 53ms (Views: 46.6ms | ActiveRecord: 0.0ms)


Started GET "/assets/welcome.css?body=1" for 127.0.0.1 at 2015-03-02 11:11:59 -0800


Started GET "/assets/articles.css?body=1" for 127.0.0.1 at 2015-03-02 11:11:59 -0800


Started GET "/assets/application.css?body=1" for 127.0.0.1 at 2015-03-02 11:11:59 -0800


Started GET "/assets/jquery.js?body=1" for 127.0.0.1 at 2015-03-02 11:11:59 -0800


Started GET "/assets/articles.js?body=1" for 127.0.0.1 at 2015-03-02 11:11:59 -0800


Started GET "/assets/jquery_ujs.js?body=1" for 127.0.0.1 at 2015-03-02 11:11:59 -0800


Started GET "/assets/turbolinks.js?body=1" for 127.0.0.1 at 2015-03-02 11:11:59 -0800


Started GET "/assets/welcome.js?body=1" for 127.0.0.1 at 2015-03-02 11:11:59 -0800


Started GET "/assets/application.js?body=1" for 127.0.0.1 at 2015-03-02 11:11:59 -0800


Started GET "/articles" for 127.0.0.1 at 2015-03-02 11:12:18 -0800
Processing by ArticlesController#index as HTML
  [1m[35mArticle Load (0.1ms)[0m  SELECT "articles".* FROM "articles"
  Rendered articles/index.html.erb within layouts/application (3.4ms)
Completed 200 OK in 30ms (Views: 25.8ms | ActiveRecord: 0.3ms)


Started GET "/assets/articles.css?body=1" for 127.0.0.1 at 2015-03-02 11:12:18 -0800


Started GET "/assets/welcome.css?body=1" for 127.0.0.1 at 2015-03-02 11:12:18 -0800


Started GET "/assets/jquery_ujs.js?body=1" for 127.0.0.1 at 2015-03-02 11:12:18 -0800


Started GET "/assets/turbolinks.js?body=1" for 127.0.0.1 at 2015-03-02 11:12:18 -0800


Started GET "/assets/application.css?body=1" for 127.0.0.1 at 2015-03-02 11:12:18 -0800


Started GET "/assets/jquery.js?body=1" for 127.0.0.1 at 2015-03-02 11:12:18 -0800


Started GET "/assets/articles.js?body=1" for 127.0.0.1 at 2015-03-02 11:12:18 -0800


Started GET "/assets/welcome.js?body=1" for 127.0.0.1 at 2015-03-02 11:12:18 -0800


Started GET "/assets/application.js?body=1" for 127.0.0.1 at 2015-03-02 11:12:18 -0800


Started DELETE "/articles/1" for 127.0.0.1 at 2015-03-02 11:12:28 -0800
Processing by ArticlesController#destroy as HTML
  Parameters: {"authenticity_token"=>"R7XQdiikiX31XDYk7tcU+V0BEIO1LLJNjYrVPdiTozg=", "id"=>"1"}
  [1m[36mArticle Load (0.2ms)[0m  [1mSELECT  "articles".* FROM "articles"  WHERE "articles"."id" = ? LIMIT 1[0m  [["id", 1]]
  [1m[35m (0.1ms)[0m  begin transaction
  [1m[36mComment Load (0.1ms)[0m  [1mSELECT "comments".* FROM "comments"  WHERE "comments"."article_id" = ?[0m  [["article_id", 1]]
  [1m[35mSQL (0.2ms)[0m  DELETE FROM "articles" WHERE "articles"."id" = ?  [["id", 1]]
  [1m[36m (81.5ms)[0m  [1mcommit transaction[0m
Redirected to http://localhost:3000/articles
Completed 302 Found in 128ms (ActiveRecord: 82.2ms)


Started GET "/articles" for 127.0.0.1 at 2015-03-02 11:12:28 -0800
Processing by ArticlesController#index as HTML
  [1m[35mArticle Load (0.1ms)[0m  SELECT "articles".* FROM "articles"
  Rendered articles/index.html.erb within layouts/application (1.2ms)
Completed 200 OK in 38ms (Views: 37.6ms | ActiveRecord: 0.1ms)


Started GET "/assets/welcome.css?body=1" for 127.0.0.1 at 2015-03-02 11:12:28 -0800


Started GET "/assets/articles.css?body=1" for 127.0.0.1 at 2015-03-02 11:12:28 -0800


Started GET "/assets/turbolinks.js?body=1" for 127.0.0.1 at 2015-03-02 11:12:28 -0800


Started GET "/assets/jquery.js?body=1" for 127.0.0.1 at 2015-03-02 11:12:28 -0800


Started GET "/assets/application.css?body=1" for 127.0.0.1 at 2015-03-02 11:12:28 -0800


Started GET "/assets/articles.js?body=1" for 127.0.0.1 at 2015-03-02 11:12:28 -0800


Started GET "/assets/jquery_ujs.js?body=1" for 127.0.0.1 at 2015-03-02 11:12:28 -0800


Started GET "/assets/welcome.js?body=1" for 127.0.0.1 at 2015-03-02 11:12:28 -0800


Started GET "/assets/application.js?body=1" for 127.0.0.1 at 2015-03-02 11:12:28 -0800


Started GET "/articles/new" for 127.0.0.1 at 2015-03-02 11:12:30 -0800
Processing by ArticlesController#new as HTML
  Rendered articles/_form.html.erb (8.7ms)
  Rendered articles/new.html.erb within layouts/application (11.0ms)
Completed 200 OK in 36ms (Views: 35.4ms | ActiveRecord: 0.0ms)


Started POST "/articles" for 127.0.0.1 at 2015-03-02 11:12:46 -0800
Processing by ArticlesController#create as HTML
  Parameters: {"utf8"=>"✓", "authenticity_token"=>"R7XQdiikiX31XDYk7tcU+V0BEIO1LLJNjYrVPdiTozg=", "article"=>{"title"=>"art12345", "text"=>"artlllllllllllll"}, "commit"=>"Create Article"}
  [1m[36m (0.1ms)[0m  [1mbegin transaction[0m
  [1m[35mSQL (0.2ms)[0m  INSERT INTO "articles" ("created_at", "text", "title", "updated_at") VALUES (?, ?, ?, ?)  [["created_at", "2015-03-02 19:12:46.385347"], ["text", "artlllllllllllll"], ["title", "art12345"], ["updated_at", "2015-03-02 19:12:46.385347"]]
  [1m[36m (119.0ms)[0m  [1mcommit transaction[0m
Redirected to http://localhost:3000/articles/2
Completed 302 Found in 123ms (ActiveRecord: 119.3ms)


Started GET "/articles/2" for 127.0.0.1 at 2015-03-02 11:12:46 -0800
Processing by ArticlesController#show as HTML
  Parameters: {"id"=>"2"}
  [1m[35mArticle Load (0.1ms)[0m  SELECT  "articles".* FROM "articles"  WHERE "articles"."id" = ? LIMIT 1  [["id", 2]]
  [1m[36mComment Load (0.1ms)[0m  [1mSELECT "comments".* FROM "comments"  WHERE "comments"."article_id" = ?[0m  [["article_id", 2]]
  Rendered collection (0.0ms)
  Rendered comments/_form.html.erb (9.5ms)
  Rendered articles/show.html.erb within layouts/application (11.4ms)
Completed 200 OK in 41ms (Views: 39.4ms | ActiveRecord: 0.3ms)


Started GET "/assets/articles.css?body=1" for 127.0.0.1 at 2015-03-02 11:12:46 -0800


Started GET "/assets/jquery.js?body=1" for 127.0.0.1 at 2015-03-02 11:12:46 -0800


Started GET "/assets/welcome.css?body=1" for 127.0.0.1 at 2015-03-02 11:12:46 -0800


Started GET "/assets/jquery_ujs.js?body=1" for 127.0.0.1 at 2015-03-02 11:12:46 -0800


Started GET "/assets/turbolinks.js?body=1" for 127.0.0.1 at 2015-03-02 11:12:46 -0800


Started GET "/assets/application.css?body=1" for 127.0.0.1 at 2015-03-02 11:12:46 -0800


Started GET "/assets/articles.js?body=1" for 127.0.0.1 at 2015-03-02 11:12:46 -0800


Started GET "/assets/welcome.js?body=1" for 127.0.0.1 at 2015-03-02 11:12:46 -0800


Started GET "/assets/application.js?body=1" for 127.0.0.1 at 2015-03-02 11:12:46 -0800


Started GET "/articles/2/edit" for 127.0.0.1 at 2015-03-02 11:12:55 -0800
Processing by ArticlesController#edit as HTML
  Parameters: {"id"=>"2"}
  Rendered articles/_form.html.erb (1.4ms)
  Rendered articles/edit.html.erb within layouts/application (2.2ms)
Completed 500 Internal Server Error in 4ms

ActionView::Template::Error (First argument in form cannot contain nil or be empty):
    1: <%= form_for @article do |f| %>
    2:  
    3:   <% if @article.errors.any? %>
    4:     <div id="error_explanation">
  app/views/articles/_form.html.erb:1:in `_app_views_articles__form_html_erb__2559055428389632644_70256458006980'
  app/views/articles/edit.html.erb:3:in `_app_views_articles_edit_html_erb__2263404817496595771_70256459439620'


  Rendered /home/rwaski/.rvm/gems/ruby-2.1.5/gems/actionpack-4.1.8/lib/action_dispatch/middleware/templates/rescues/_trace.html.erb (0.7ms)
  Rendered /home/rwaski/.rvm/gems/ruby-2.1.5/gems/actionpack-4.1.8/lib/action_dispatch/middleware/templates/rescues/_request_and_response.html.erb (0.6ms)
  Rendered /home/rwaski/.rvm/gems/ruby-2.1.5/gems/actionpack-4.1.8/lib/action_dispatch/middleware/templates/rescues/template_error.html.erb within rescues/layout (5.9ms)


Started GET "/articles/2/edit" for 127.0.0.1 at 2015-03-02 11:12:55 -0800
Processing by ArticlesController#edit as HTML
  Parameters: {"id"=>"2"}
  Rendered articles/_form.html.erb (0.8ms)
  Rendered articles/edit.html.erb within layouts/application (1.7ms)
Completed 500 Internal Server Error in 3ms

ActionView::Template::Error (First argument in form cannot contain nil or be empty):
    1: <%= form_for @article do |f| %>
    2:  
    3:   <% if @article.errors.any? %>
    4:     <div id="error_explanation">
  app/views/articles/_form.html.erb:1:in `_app_views_articles__form_html_erb__2559055428389632644_70256457400080'
  app/views/articles/edit.html.erb:3:in `_app_views_articles_edit_html_erb__2263404817496595771_70256457474860'


  Rendered /home/rwaski/.rvm/gems/ruby-2.1.5/gems/actionpack-4.1.8/lib/action_dispatch/middleware/templates/rescues/_trace.html.erb (0.7ms)
  Rendered /home/rwaski/.rvm/gems/ruby-2.1.5/gems/actionpack-4.1.8/lib/action_dispatch/middleware/templates/rescues/_request_and_response.html.erb (0.6ms)
  Rendered /home/rwaski/.rvm/gems/ruby-2.1.5/gems/actionpack-4.1.8/lib/action_dispatch/middleware/templates/rescues/template_error.html.erb within rescues/layout (6.2ms)


Started GET "/articles" for 127.0.0.1 at 2015-03-02 11:13:25 -0800
Processing by ArticlesController#index as HTML
  [1m[35mArticle Load (0.1ms)[0m  SELECT "articles".* FROM "articles"
  Rendered articles/index.html.erb within layouts/application (1.5ms)
Completed 200 OK in 24ms (Views: 23.7ms | ActiveRecord: 0.1ms)


Started GET "/articles/2" for 127.0.0.1 at 2015-03-02 11:13:29 -0800
Processing by ArticlesController#show as HTML
  Parameters: {"id"=>"2"}
  [1m[36mArticle Load (0.1ms)[0m  [1mSELECT  "articles".* FROM "articles"  WHERE "articles"."id" = ? LIMIT 1[0m  [["id", 2]]
  [1m[35mComment Load (0.1ms)[0m  SELECT "comments".* FROM "comments"  WHERE "comments"."article_id" = ?  [["article_id", 2]]
  Rendered collection (0.0ms)
  Rendered comments/_form.html.erb (2.1ms)
  Rendered articles/show.html.erb within layouts/application (8.7ms)
Completed 200 OK in 32ms (Views: 31.2ms | ActiveRecord: 0.2ms)


Started GET "/articles/2/edit" for 127.0.0.1 at 2015-03-02 11:13:32 -0800
Processing by ArticlesController#edit as HTML
  Parameters: {"id"=>"2"}
  Rendered articles/_form.html.erb (0.4ms)
  Rendered articles/edit.html.erb within layouts/application (0.9ms)
Completed 500 Internal Server Error in 2ms

ActionView::Template::Error (First argument in form cannot contain nil or be empty):
    1: <%= form_for @article do |f| %>
    2:  
    3:   <% if @article.errors.any? %>
    4:     <div id="error_explanation">
  app/views/articles/_form.html.erb:1:in `_app_views_articles__form_html_erb__2559055428389632644_70256458006980'
  app/views/articles/edit.html.erb:3:in `_app_views_articles_edit_html_erb__2263404817496595771_70256459439620'


  Rendered /home/rwaski/.rvm/gems/ruby-2.1.5/gems/actionpack-4.1.8/lib/action_dispatch/middleware/templates/rescues/_trace.html.erb (0.8ms)
  Rendered /home/rwaski/.rvm/gems/ruby-2.1.5/gems/actionpack-4.1.8/lib/action_dispatch/middleware/templates/rescues/_request_and_response.html.erb (0.8ms)
  Rendered /home/rwaski/.rvm/gems/ruby-2.1.5/gems/actionpack-4.1.8/lib/action_dispatch/middleware/templates/rescues/template_error.html.erb within rescues/layout (6.3ms)


Started GET "/articles/2/edit" for 127.0.0.1 at 2015-03-02 11:13:32 -0800
Processing by ArticlesController#edit as HTML
  Parameters: {"id"=>"2"}
  Rendered articles/_form.html.erb (0.4ms)
  Rendered articles/edit.html.erb within layouts/application (0.9ms)
Completed 500 Internal Server Error in 2ms

ActionView::Template::Error (First argument in form cannot contain nil or be empty):
    1: <%= form_for @article do |f| %>
    2:  
    3:   <% if @article.errors.any? %>
    4:     <div id="error_explanation">
  app/views/articles/_form.html.erb:1:in `_app_views_articles__form_html_erb__2559055428389632644_70256457400080'
  app/views/articles/edit.html.erb:3:in `_app_views_articles_edit_html_erb__2263404817496595771_70256457474860'


  Rendered /home/rwaski/.rvm/gems/ruby-2.1.5/gems/actionpack-4.1.8/lib/action_dispatch/middleware/templates/rescues/_trace.html.erb (0.7ms)
  Rendered /home/rwaski/.rvm/gems/ruby-2.1.5/gems/actionpack-4.1.8/lib/action_dispatch/middleware/templates/rescues/_request_and_response.html.erb (0.5ms)
  Rendered /home/rwaski/.rvm/gems/ruby-2.1.5/gems/actionpack-4.1.8/lib/action_dispatch/middleware/templates/rescues/template_error.html.erb within rescues/layout (6.1ms)


Started POST "/articles/2/comments" for 127.0.0.1 at 2015-03-02 11:13:53 -0800
Processing by CommentsController#create as HTML
  Parameters: {"utf8"=>"✓", "authenticity_token"=>"R7XQdiikiX31XDYk7tcU+V0BEIO1LLJNjYrVPdiTozg=", "comment"=>{"commenter"=>"twertewrt", "body"=>"wertwertwert"}, "commit"=>"Create Comment", "article_id"=>"2"}
  [1m[36mArticle Load (0.1ms)[0m  [1mSELECT  "articles".* FROM "articles"  WHERE "articles"."id" = ? LIMIT 1[0m  [["id", 2]]
  [1m[35m (0.0ms)[0m  begin transaction
  [1m[36mSQL (0.1ms)[0m  [1mINSERT INTO "comments" ("article_id", "body", "commenter", "created_at", "updated_at") VALUES (?, ?, ?, ?, ?)[0m  [["article_id", 2], ["body", "wertwertwert"], ["commenter", "twertewrt"], ["created_at", "2015-03-02 19:13:53.358112"], ["updated_at", "2015-03-02 19:13:53.358112"]]
  [1m[35m (116.9ms)[0m  commit transaction
Redirected to http://localhost:3000/articles/2
Completed 302 Found in 120ms (ActiveRecord: 117.1ms)


Started GET "/articles/2" for 127.0.0.1 at 2015-03-02 11:13:53 -0800
Processing by ArticlesController#show as HTML
  Parameters: {"id"=>"2"}
  [1m[36mArticle Load (0.1ms)[0m  [1mSELECT  "articles".* FROM "articles"  WHERE "articles"."id" = ? LIMIT 1[0m  [["id", 2]]
  [1m[35mComment Load (0.1ms)[0m  SELECT "comments".* FROM "comments"  WHERE "comments"."article_id" = ?  [["article_id", 2]]
  Rendered comments/_comment.html.erb (0.9ms)
  Rendered comments/_form.html.erb (2.0ms)
  Rendered articles/show.html.erb within layouts/application (5.8ms)
Completed 200 OK in 33ms (Views: 31.6ms | ActiveRecord: 0.2ms)


Started GET "/assets/jquery_ujs.js?body=1" for 127.0.0.1 at 2015-03-02 11:13:53 -0800


Started GET "/assets/application.css?body=1" for 127.0.0.1 at 2015-03-02 11:13:53 -0800


Started GET "/assets/articles.css?body=1" for 127.0.0.1 at 2015-03-02 11:13:53 -0800


Started GET "/assets/welcome.css?body=1" for 127.0.0.1 at 2015-03-02 11:13:53 -0800


Started GET "/assets/welcome.js?body=1" for 127.0.0.1 at 2015-03-02 11:13:53 -0800


Started GET "/assets/jquery.js?body=1" for 127.0.0.1 at 2015-03-02 11:13:53 -0800


Started GET "/assets/turbolinks.js?body=1" for 127.0.0.1 at 2015-03-02 11:13:53 -0800


Started GET "/assets/articles.js?body=1" for 127.0.0.1 at 2015-03-02 11:13:53 -0800


Started GET "/assets/application.js?body=1" for 127.0.0.1 at 2015-03-02 11:13:53 -0800


Started GET "/articles/2/edit" for 127.0.0.1 at 2015-03-02 11:13:58 -0800
Processing by ArticlesController#edit as HTML
  Parameters: {"id"=>"2"}
  Rendered articles/_form.html.erb (0.4ms)
  Rendered articles/edit.html.erb within layouts/application (0.7ms)
Completed 500 Internal Server Error in 2ms

ActionView::Template::Error (First argument in form cannot contain nil or be empty):
    1: <%= form_for @article do |f| %>
    2:  
    3:   <% if @article.errors.any? %>
    4:     <div id="error_explanation">
  app/views/articles/_form.html.erb:1:in `_app_views_articles__form_html_erb__2559055428389632644_70256458006980'
  app/views/articles/edit.html.erb:3:in `_app_views_articles_edit_html_erb__2263404817496595771_70256459439620'


  Rendered /home/rwaski/.rvm/gems/ruby-2.1.5/gems/actionpack-4.1.8/lib/action_dispatch/middleware/templates/rescues/_trace.html.erb (0.7ms)
  Rendered /home/rwaski/.rvm/gems/ruby-2.1.5/gems/actionpack-4.1.8/lib/action_dispatch/middleware/templates/rescues/_request_and_response.html.erb (0.5ms)
  Rendered /home/rwaski/.rvm/gems/ruby-2.1.5/gems/actionpack-4.1.8/lib/action_dispatch/middleware/templates/rescues/template_error.html.erb within rescues/layout (5.8ms)


Started GET "/articles/2/edit" for 127.0.0.1 at 2015-03-02 11:13:58 -0800
Processing by ArticlesController#edit as HTML
  Parameters: {"id"=>"2"}
  Rendered articles/_form.html.erb (0.4ms)
  Rendered articles/edit.html.erb within layouts/application (0.7ms)
Completed 500 Internal Server Error in 2ms

ActionView::Template::Error (First argument in form cannot contain nil or be empty):
    1: <%= form_for @article do |f| %>
    2:  
    3:   <% if @article.errors.any? %>
    4:     <div id="error_explanation">
  app/views/articles/_form.html.erb:1:in `_app_views_articles__form_html_erb__2559055428389632644_70256457400080'
  app/views/articles/edit.html.erb:3:in `_app_views_articles_edit_html_erb__2263404817496595771_70256457474860'


  Rendered /home/rwaski/.rvm/gems/ruby-2.1.5/gems/actionpack-4.1.8/lib/action_dispatch/middleware/templates/rescues/_trace.html.erb (0.9ms)
  Rendered /home/rwaski/.rvm/gems/ruby-2.1.5/gems/actionpack-4.1.8/lib/action_dispatch/middleware/templates/rescues/_request_and_response.html.erb (0.6ms)
  Rendered /home/rwaski/.rvm/gems/ruby-2.1.5/gems/actionpack-4.1.8/lib/action_dispatch/middleware/templates/rescues/template_error.html.erb within rescues/layout (7.0ms)


Started GET "/articles/2/edit" for 127.0.0.1 at 2015-03-02 11:14:31 -0800
Processing by ArticlesController#edit as HTML
  Parameters: {"id"=>"2"}
  Rendered articles/_form.html.erb (0.5ms)
  Rendered articles/edit.html.erb within layouts/application (0.9ms)
Completed 500 Internal Server Error in 2ms

ActionView::Template::Error (First argument in form cannot contain nil or be empty):
    1: <%= form_for @article do |f| %>
    2:  
    3:   <% if @article.errors.any? %>
    4:     <div id="error_explanation">
  app/views/articles/_form.html.erb:1:in `_app_views_articles__form_html_erb__2559055428389632644_70256458006980'
  app/views/articles/edit.html.erb:3:in `_app_views_articles_edit_html_erb__2263404817496595771_70256459439620'


  Rendered /home/rwaski/.rvm/gems/ruby-2.1.5/gems/actionpack-4.1.8/lib/action_dispatch/middleware/templates/rescues/_trace.html.erb (0.7ms)
  Rendered /home/rwaski/.rvm/gems/ruby-2.1.5/gems/actionpack-4.1.8/lib/action_dispatch/middleware/templates/rescues/_request_and_response.html.erb (0.7ms)
  Rendered /home/rwaski/.rvm/gems/ruby-2.1.5/gems/actionpack-4.1.8/lib/action_dispatch/middleware/templates/rescues/template_error.html.erb within rescues/layout (6.0ms)


Started GET "/articles/2/edit" for 127.0.0.1 at 2015-03-02 11:14:31 -0800
Processing by ArticlesController#edit as HTML
  Parameters: {"id"=>"2"}
  Rendered articles/_form.html.erb (0.4ms)
  Rendered articles/edit.html.erb within layouts/application (0.7ms)
Completed 500 Internal Server Error in 2ms

ActionView::Template::Error (First argument in form cannot contain nil or be empty):
    1: <%= form_for @article do |f| %>
    2:  
    3:   <% if @article.errors.any? %>
    4:     <div id="error_explanation">
  app/views/articles/_form.html.erb:1:in `_app_views_articles__form_html_erb__2559055428389632644_70256457400080'
  app/views/articles/edit.html.erb:3:in `_app_views_articles_edit_html_erb__2263404817496595771_70256457474860'


  Rendered /home/rwaski/.rvm/gems/ruby-2.1.5/gems/actionpack-4.1.8/lib/action_dispatch/middleware/templates/rescues/_trace.html.erb (0.8ms)
  Rendered /home/rwaski/.rvm/gems/ruby-2.1.5/gems/actionpack-4.1.8/lib/action_dispatch/middleware/templates/rescues/_request_and_response.html.erb (0.6ms)
  Rendered /home/rwaski/.rvm/gems/ruby-2.1.5/gems/actionpack-4.1.8/lib/action_dispatch/middleware/templates/rescues/template_error.html.erb within rescues/layout (6.2ms)


Started GET "/articles" for 127.0.0.1 at 2015-03-02 11:14:38 -0800
Processing by ArticlesController#index as HTML
  [1m[36mArticle Load (0.2ms)[0m  [1mSELECT "articles".* FROM "articles"[0m
  Rendered articles/index.html.erb within layouts/application (1.6ms)
Completed 200 OK in 29ms (Views: 28.2ms | ActiveRecord: 0.2ms)


Started DELETE "/articles/2/comments/1" for 127.0.0.1 at 2015-03-02 11:14:44 -0800
Processing by CommentsController#destroy as HTML
  Parameters: {"authenticity_token"=>"R7XQdiikiX31XDYk7tcU+V0BEIO1LLJNjYrVPdiTozg=", "article_id"=>"2", "id"=>"1"}
  [1m[35mArticle Load (0.1ms)[0m  SELECT  "articles".* FROM "articles"  WHERE "articles"."id" = ? LIMIT 1  [["id", 2]]
  [1m[36mComment Load (0.1ms)[0m  [1mSELECT  "comments".* FROM "comments"  WHERE "comments"."article_id" = ? AND "comments"."id" = ? LIMIT 1[0m  [["article_id", 2], ["id", 1]]
  [1m[35m (0.0ms)[0m  begin transaction
  [1m[36mSQL (0.1ms)[0m  [1mDELETE FROM "comments" WHERE "comments"."id" = ?[0m  [["id", 1]]
  [1m[35m (81.5ms)[0m  commit transaction
Redirected to http://localhost:3000/articles/2
Completed 302 Found in 84ms (ActiveRecord: 81.9ms)


Started GET "/articles/2" for 127.0.0.1 at 2015-03-02 11:14:44 -0800
Processing by ArticlesController#show as HTML
  Parameters: {"id"=>"2"}
  [1m[36mArticle Load (0.4ms)[0m  [1mSELECT  "articles".* FROM "articles"  WHERE "articles"."id" = ? LIMIT 1[0m  [["id", 2]]
  [1m[35mComment Load (0.1ms)[0m  SELECT "comments".* FROM "comments"  WHERE "comments"."article_id" = ?  [["article_id", 2]]
  Rendered collection (0.0ms)
  Rendered comments/_form.html.erb (2.1ms)
  Rendered articles/show.html.erb within layouts/application (3.8ms)
Completed 200 OK in 45ms (Views: 42.8ms | ActiveRecord: 0.4ms)


Started GET "/assets/articles.css?body=1" for 127.0.0.1 at 2015-03-02 11:14:45 -0800


Started GET "/assets/welcome.css?body=1" for 127.0.0.1 at 2015-03-02 11:14:45 -0800


Started GET "/assets/turbolinks.js?body=1" for 127.0.0.1 at 2015-03-02 11:14:45 -0800


Started GET "/assets/jquery_ujs.js?body=1" for 127.0.0.1 at 2015-03-02 11:14:45 -0800


Started GET "/assets/jquery.js?body=1" for 127.0.0.1 at 2015-03-02 11:14:45 -0800


Started GET "/assets/application.css?body=1" for 127.0.0.1 at 2015-03-02 11:14:45 -0800


Started GET "/assets/welcome.js?body=1" for 127.0.0.1 at 2015-03-02 11:14:45 -0800


Started GET "/assets/application.js?body=1" for 127.0.0.1 at 2015-03-02 11:14:45 -0800


Started GET "/assets/articles.js?body=1" for 127.0.0.1 at 2015-03-02 11:14:45 -0800


Started GET "/articles" for 127.0.0.1 at 2015-03-02 11:14:48 -0800
Processing by ArticlesController#index as HTML
  [1m[36mArticle Load (0.1ms)[0m  [1mSELECT "articles".* FROM "articles"[0m
  Rendered articles/index.html.erb within layouts/application (1.0ms)
Completed 200 OK in 23ms (Views: 22.6ms | ActiveRecord: 0.1ms)


Started GET "/articles/2" for 127.0.0.1 at 2015-03-02 11:14:51 -0800
Processing by ArticlesController#show as HTML
  Parameters: {"id"=>"2"}
  [1m[35mArticle Load (0.1ms)[0m  SELECT  "articles".* FROM "articles"  WHERE "articles"."id" = ? LIMIT 1  [["id", 2]]
  [1m[36mComment Load (0.1ms)[0m  [1mSELECT "comments".* FROM "comments"  WHERE "comments"."article_id" = ?[0m  [["article_id", 2]]
  Rendered collection (0.0ms)
  Rendered comments/_form.html.erb (1.3ms)
  Rendered articles/show.html.erb within layouts/application (2.5ms)
Completed 200 OK in 29ms (Views: 28.0ms | ActiveRecord: 0.1ms)


Started GET "/articles/2/edit" for 127.0.0.1 at 2015-03-02 11:14:53 -0800
Processing by ArticlesController#edit as HTML
  Parameters: {"id"=>"2"}
  Rendered articles/_form.html.erb (0.4ms)
  Rendered articles/edit.html.erb within layouts/application (0.9ms)
Completed 500 Internal Server Error in 2ms

ActionView::Template::Error (First argument in form cannot contain nil or be empty):
    1: <%= form_for @article do |f| %>
    2:  
    3:   <% if @article.errors.any? %>
    4:     <div id="error_explanation">
  app/views/articles/_form.html.erb:1:in `_app_views_articles__form_html_erb__2559055428389632644_70256458006980'
  app/views/articles/edit.html.erb:3:in `_app_views_articles_edit_html_erb__2263404817496595771_70256459439620'


  Rendered /home/rwaski/.rvm/gems/ruby-2.1.5/gems/actionpack-4.1.8/lib/action_dispatch/middleware/templates/rescues/_trace.html.erb (0.9ms)
  Rendered /home/rwaski/.rvm/gems/ruby-2.1.5/gems/actionpack-4.1.8/lib/action_dispatch/middleware/templates/rescues/_request_and_response.html.erb (0.6ms)
  Rendered /home/rwaski/.rvm/gems/ruby-2.1.5/gems/actionpack-4.1.8/lib/action_dispatch/middleware/templates/rescues/template_error.html.erb within rescues/layout (6.1ms)


Started GET "/articles/2/edit" for 127.0.0.1 at 2015-03-02 11:14:53 -0800
Processing by ArticlesController#edit as HTML
  Parameters: {"id"=>"2"}
  Rendered articles/_form.html.erb (0.4ms)
  Rendered articles/edit.html.erb within layouts/application (0.8ms)
Completed 500 Internal Server Error in 2ms

ActionView::Template::Error (First argument in form cannot contain nil or be empty):
    1: <%= form_for @article do |f| %>
    2:  
    3:   <% if @article.errors.any? %>
    4:     <div id="error_explanation">
  app/views/articles/_form.html.erb:1:in `_app_views_articles__form_html_erb__2559055428389632644_70256457400080'
  app/views/articles/edit.html.erb:3:in `_app_views_articles_edit_html_erb__2263404817496595771_70256457474860'


  Rendered /home/rwaski/.rvm/gems/ruby-2.1.5/gems/actionpack-4.1.8/lib/action_dispatch/middleware/templates/rescues/_trace.html.erb (0.8ms)
  Rendered /home/rwaski/.rvm/gems/ruby-2.1.5/gems/actionpack-4.1.8/lib/action_dispatch/middleware/templates/rescues/_request_and_response.html.erb (0.6ms)
  Rendered /home/rwaski/.rvm/gems/ruby-2.1.5/gems/actionpack-4.1.8/lib/action_dispatch/middleware/templates/rescues/template_error.html.erb within rescues/layout (6.1ms)


Started GET "/articles" for 127.0.0.1 at 2015-03-02 11:14:57 -0800
Processing by ArticlesController#index as HTML
  [1m[35mArticle Load (0.2ms)[0m  SELECT "articles".* FROM "articles"
  Rendered articles/index.html.erb within layouts/application (1.6ms)
Completed 200 OK in 27ms (Views: 26.4ms | ActiveRecord: 0.2ms)


Started GET "/articles/2/edit" for 127.0.0.1 at 2015-03-02 11:14:59 -0800
Processing by ArticlesController#edit as HTML
  Parameters: {"id"=>"2"}
  Rendered articles/_form.html.erb (0.4ms)
  Rendered articles/edit.html.erb within layouts/application (0.8ms)
Completed 500 Internal Server Error in 2ms

ActionView::Template::Error (First argument in form cannot contain nil or be empty):
    1: <%= form_for @article do |f| %>
    2:  
    3:   <% if @article.errors.any? %>
    4:     <div id="error_explanation">
  app/views/articles/_form.html.erb:1:in `_app_views_articles__form_html_erb__2559055428389632644_70256458006980'
  app/views/articles/edit.html.erb:3:in `_app_views_articles_edit_html_erb__2263404817496595771_70256459439620'


  Rendered /home/rwaski/.rvm/gems/ruby-2.1.5/gems/actionpack-4.1.8/lib/action_dispatch/middleware/templates/rescues/_trace.html.erb (0.7ms)
  Rendered /home/rwaski/.rvm/gems/ruby-2.1.5/gems/actionpack-4.1.8/lib/action_dispatch/middleware/templates/rescues/_request_and_response.html.erb (0.6ms)
  Rendered /home/rwaski/.rvm/gems/ruby-2.1.5/gems/actionpack-4.1.8/lib/action_dispatch/middleware/templates/rescues/template_error.html.erb within rescues/layout (5.8ms)


Started GET "/articles/2/edit" for 127.0.0.1 at 2015-03-02 11:14:59 -0800
Processing by ArticlesController#edit as HTML
  Parameters: {"id"=>"2"}
  Rendered articles/_form.html.erb (0.4ms)
  Rendered articles/edit.html.erb within layouts/application (0.7ms)
Completed 500 Internal Server Error in 2ms

ActionView::Template::Error (First argument in form cannot contain nil or be empty):
    1: <%= form_for @article do |f| %>
    2:  
    3:   <% if @article.errors.any? %>
    4:     <div id="error_explanation">
  app/views/articles/_form.html.erb:1:in `_app_views_articles__form_html_erb__2559055428389632644_70256457400080'
  app/views/articles/edit.html.erb:3:in `_app_views_articles_edit_html_erb__2263404817496595771_70256457474860'


  Rendered /home/rwaski/.rvm/gems/ruby-2.1.5/gems/actionpack-4.1.8/lib/action_dispatch/middleware/templates/rescues/_trace.html.erb (1.0ms)
  Rendered /home/rwaski/.rvm/gems/ruby-2.1.5/gems/actionpack-4.1.8/lib/action_dispatch/middleware/templates/rescues/_request_and_response.html.erb (0.7ms)
  Rendered /home/rwaski/.rvm/gems/ruby-2.1.5/gems/actionpack-4.1.8/lib/action_dispatch/middleware/templates/rescues/template_error.html.erb within rescues/layout (6.7ms)


Started GET "/" for 127.0.0.1 at 2015-03-02 14:09:08 -0800
  [1m[36mActiveRecord::SchemaMigration Load (0.1ms)[0m  [1mSELECT "schema_migrations".* FROM "schema_migrations"[0m
Processing by WelcomeController#index as HTML
  Rendered welcome/index.html.erb within layouts/application (0.6ms)
Completed 200 OK in 57ms (Views: 51.3ms | ActiveRecord: 0.0ms)


Started GET "/assets/welcome.css?body=1" for 127.0.0.1 at 2015-03-02 14:09:08 -0800


Started GET "/assets/articles.css?body=1" for 127.0.0.1 at 2015-03-02 14:09:08 -0800


Started GET "/assets/application.css?body=1" for 127.0.0.1 at 2015-03-02 14:09:08 -0800


Started GET "/assets/jquery.js?body=1" for 127.0.0.1 at 2015-03-02 14:09:08 -0800


Started GET "/assets/articles.js?body=1" for 127.0.0.1 at 2015-03-02 14:09:08 -0800


Started GET "/assets/jquery_ujs.js?body=1" for 127.0.0.1 at 2015-03-02 14:09:08 -0800


Started GET "/assets/welcome.js?body=1" for 127.0.0.1 at 2015-03-02 14:09:08 -0800


Started GET "/assets/turbolinks.js?body=1" for 127.0.0.1 at 2015-03-02 14:09:08 -0800


Started GET "/assets/application.js?body=1" for 127.0.0.1 at 2015-03-02 14:09:08 -0800


Started GET "/articles" for 127.0.0.1 at 2015-03-02 14:09:22 -0800
Processing by ArticlesController#index as HTML
  [1m[35mArticle Load (0.2ms)[0m  SELECT "articles".* FROM "articles"
  Rendered articles/index.html.erb within layouts/application (3.7ms)
Completed 200 OK in 31ms (Views: 26.6ms | ActiveRecord: 0.4ms)


Started GET "/assets/articles.css?body=1" for 127.0.0.1 at 2015-03-02 14:09:22 -0800


Started GET "/assets/welcome.css?body=1" for 127.0.0.1 at 2015-03-02 14:09:22 -0800


Started GET "/assets/application.css?body=1" for 127.0.0.1 at 2015-03-02 14:09:22 -0800


Started GET "/assets/jquery.js?body=1" for 127.0.0.1 at 2015-03-02 14:09:22 -0800


Started GET "/assets/turbolinks.js?body=1" for 127.0.0.1 at 2015-03-02 14:09:22 -0800


Started GET "/assets/welcome.js?body=1" for 127.0.0.1 at 2015-03-02 14:09:22 -0800


Started GET "/assets/jquery_ujs.js?body=1" for 127.0.0.1 at 2015-03-02 14:09:22 -0800


Started GET "/assets/articles.js?body=1" for 127.0.0.1 at 2015-03-02 14:09:22 -0800


Started GET "/assets/application.js?body=1" for 127.0.0.1 at 2015-03-02 14:09:22 -0800


Started GET "/" for 127.0.0.1 at 2015-03-02 22:09:01 -0400
  [1m[36mActiveRecord::SchemaMigration Load (0.1ms)[0m  [1mSELECT "schema_migrations".* FROM "schema_migrations"[0m
Processing by WelcomeController#index as HTML
  Rendered welcome/index.html.erb within layouts/application (1.5ms)
Completed 200 OK in 577ms (Views: 559.6ms | ActiveRecord: 0.0ms)


Started GET "/assets/articles.css?body=1" for 127.0.0.1 at 2015-03-02 22:09:02 -0400


Started GET "/assets/welcome.css?body=1" for 127.0.0.1 at 2015-03-02 22:09:02 -0400


Started GET "/assets/application.css?body=1" for 127.0.0.1 at 2015-03-02 22:09:02 -0400


Started GET "/assets/welcome.js?body=1" for 127.0.0.1 at 2015-03-02 22:09:02 -0400


Started GET "/assets/articles.js?body=1" for 127.0.0.1 at 2015-03-02 22:09:02 -0400


Started GET "/assets/turbolinks.js?body=1" for 127.0.0.1 at 2015-03-02 22:09:02 -0400


Started GET "/assets/jquery_ujs.js?body=1" for 127.0.0.1 at 2015-03-02 22:09:02 -0400


Started GET "/assets/application.js?body=1" for 127.0.0.1 at 2015-03-02 22:09:02 -0400


Started GET "/assets/jquery.js?body=1" for 127.0.0.1 at 2015-03-02 22:09:02 -0400


Started GET "/article/new" for 127.0.0.1 at 2015-03-02 22:09:42 -0400

ActionController::RoutingError (No route matches [GET] "/article/new"):
  actionpack (4.1.8) lib/action_dispatch/middleware/debug_exceptions.rb:21:in `call'
  actionpack (4.1.8) lib/action_dispatch/middleware/show_exceptions.rb:30:in `call'
  railties (4.1.8) lib/rails/rack/logger.rb:38:in `call_app'
  railties (4.1.8) lib/rails/rack/logger.rb:20:in `block in call'
  activesupport (4.1.8) lib/active_support/tagged_logging.rb:68:in `block in tagged'
  activesupport (4.1.8) lib/active_support/tagged_logging.rb:26:in `tagged'
  activesupport (4.1.8) lib/active_support/tagged_logging.rb:68:in `tagged'
  railties (4.1.8) lib/rails/rack/logger.rb:20:in `call'
  actionpack (4.1.8) lib/action_dispatch/middleware/request_id.rb:21:in `call'
  rack (1.5.2) lib/rack/methodoverride.rb:21:in `call'
  rack (1.5.2) lib/rack/runtime.rb:17:in `call'
  activesupport (4.1.8) lib/active_support/cache/strategy/local_cache_middleware.rb:26:in `call'
  rack (1.5.2) lib/rack/lock.rb:17:in `call'
  actionpack (4.1.8) lib/action_dispatch/middleware/static.rb:84:in `call'
  rack (1.5.2) lib/rack/sendfile.rb:112:in `call'
  railties (4.1.8) lib/rails/engine.rb:514:in `call'
  railties (4.1.8) lib/rails/application.rb:144:in `call'
  rack (1.5.2) lib/rack/lock.rb:17:in `call'
  rack (1.5.2) lib/rack/content_length.rb:14:in `call'
  rack (1.5.2) lib/rack/handler/webrick.rb:60:in `service'
  /home/saasbook/.rvm/rubies/ruby-1.9.3-p448/lib/ruby/1.9.1/webrick/httpserver.rb:138:in `service'
  /home/saasbook/.rvm/rubies/ruby-1.9.3-p448/lib/ruby/1.9.1/webrick/httpserver.rb:94:in `run'
  /home/saasbook/.rvm/rubies/ruby-1.9.3-p448/lib/ruby/1.9.1/webrick/server.rb:191:in `block in start_thread'


  Rendered /home/saasbook/.rvm/gems/ruby-1.9.3-p448/gems/actionpack-4.1.8/lib/action_dispatch/middleware/templates/rescues/_trace.html.erb (0.7ms)
  Rendered /home/saasbook/.rvm/gems/ruby-1.9.3-p448/gems/actionpack-4.1.8/lib/action_dispatch/middleware/templates/routes/_route.html.erb (1.4ms)
  Rendered /home/saasbook/.rvm/gems/ruby-1.9.3-p448/gems/actionpack-4.1.8/lib/action_dispatch/middleware/templates/routes/_table.html.erb (30.8ms)
  Rendered /home/saasbook/.rvm/gems/ruby-1.9.3-p448/gems/actionpack-4.1.8/lib/action_dispatch/middleware/templates/rescues/routing_error.html.erb within rescues/layout (63.8ms)


Started GET "/articles/new" for 127.0.0.1 at 2015-03-02 22:09:49 -0400
Processing by ArticlesController#new as HTML
Filter chain halted as #<Proc:0xafed210@/home/saasbook/.rvm/gems/ruby-1.9.3-p448/gems/actionpack-4.1.8/lib/action_controller/metal/http_authentication.rb:71> rendered or redirected
Completed 401 Unauthorized in 1ms (ActiveRecord: 0.0ms)


Started GET "/articles/new" for 127.0.0.1 at 2015-03-02 22:10:07 -0400
Processing by ArticlesController#new as HTML
  Rendered articles/_form.html.erb (51.9ms)
  Rendered articles/new.html.erb within layouts/application (52.8ms)
Completed 200 OK in 98ms (Views: 80.1ms | ActiveRecord: 0.3ms)


Started GET "/assets/articles.css?body=1" for 127.0.0.1 at 2015-03-02 22:10:07 -0400


Started GET "/assets/welcome.css?body=1" for 127.0.0.1 at 2015-03-02 22:10:07 -0400


Started GET "/assets/articles.js?body=1" for 127.0.0.1 at 2015-03-02 22:10:07 -0400


Started GET "/assets/turbolinks.js?body=1" for 127.0.0.1 at 2015-03-02 22:10:07 -0400


Started GET "/assets/jquery_ujs.js?body=1" for 127.0.0.1 at 2015-03-02 22:10:07 -0400


Started GET "/assets/jquery.js?body=1" for 127.0.0.1 at 2015-03-02 22:10:07 -0400


Started GET "/assets/application.css?body=1" for 127.0.0.1 at 2015-03-02 22:10:07 -0400


Started GET "/assets/application.js?body=1" for 127.0.0.1 at 2015-03-02 22:10:07 -0400


Started GET "/assets/welcome.js?body=1" for 127.0.0.1 at 2015-03-02 22:10:07 -0400


Started POST "/articles" for 127.0.0.1 at 2015-03-02 22:10:40 -0400
Processing by ArticlesController#create as HTML
  Parameters: {"utf8"=>"✓", "authenticity_token"=>"RSGymU+VTMYfin53DVYBapYbpp8FZ/JWNippsdS3zJs=", "article"=>{"title"=>"ayy", "text"=>"ayy lmao"}, "commit"=>"Create Article"}
Filter chain halted as #<Proc:0xafed210@/home/saasbook/.rvm/gems/ruby-1.9.3-p448/gems/actionpack-4.1.8/lib/action_controller/metal/http_authentication.rb:71> rendered or redirected
Completed 401 Unauthorized in 0ms (ActiveRecord: 0.0ms)


Started POST "/articles" for 127.0.0.1 at 2015-03-02 22:10:40 -0400
Processing by ArticlesController#create as HTML
  Parameters: {"utf8"=>"✓", "authenticity_token"=>"RSGymU+VTMYfin53DVYBapYbpp8FZ/JWNippsdS3zJs=", "article"=>{"title"=>"ayy", "text"=>"ayy lmao"}, "commit"=>"Create Article"}
  [1m[35m (0.1ms)[0m  begin transaction
  [1m[36m (0.0ms)[0m  [1mrollback transaction[0m
  Rendered articles/_form.html.erb (1.5ms)
  Rendered articles/new.html.erb within layouts/application (2.0ms)
Completed 200 OK in 36ms (Views: 33.7ms | ActiveRecord: 0.1ms)


Started GET "/assets/articles.css?body=1" for 127.0.0.1 at 2015-03-02 22:10:40 -0400


Started GET "/assets/welcome.css?body=1" for 127.0.0.1 at 2015-03-02 22:10:40 -0400


Started GET "/assets/jquery_ujs.js?body=1" for 127.0.0.1 at 2015-03-02 22:10:40 -0400


Started GET "/assets/jquery.js?body=1" for 127.0.0.1 at 2015-03-02 22:10:40 -0400


Started GET "/assets/application.css?body=1" for 127.0.0.1 at 2015-03-02 22:10:40 -0400


Started GET "/assets/welcome.js?body=1" for 127.0.0.1 at 2015-03-02 22:10:40 -0400


Started GET "/assets/articles.js?body=1" for 127.0.0.1 at 2015-03-02 22:10:40 -0400


Started GET "/assets/turbolinks.js?body=1" for 127.0.0.1 at 2015-03-02 22:10:40 -0400


Started GET "/assets/application.js?body=1" for 127.0.0.1 at 2015-03-02 22:10:40 -0400


Started POST "/articles" for 127.0.0.1 at 2015-03-02 22:10:45 -0400
Processing by ArticlesController#create as HTML
  Parameters: {"utf8"=>"✓", "authenticity_token"=>"RSGymU+VTMYfin53DVYBapYbpp8FZ/JWNippsdS3zJs=", "article"=>{"title"=>"ayyasdfaks", "text"=>"ayy lmao"}, "commit"=>"Create Article"}
  [1m[35m (0.1ms)[0m  begin transaction
  [1m[36mSQL (48.9ms)[0m  [1mINSERT INTO "articles" ("created_at", "text", "title", "updated_at") VALUES (?, ?, ?, ?)[0m  [["created_at", "2015-03-03 02:10:45.472684"], ["text", "ayy lmao"], ["title", "ayyasdfaks"], ["updated_at", "2015-03-03 02:10:45.472684"]]
  [1m[35m (303.4ms)[0m  commit transaction
Redirected to http://localhost:3000/articles/3
Completed 302 Found in 368ms (ActiveRecord: 352.4ms)


Started GET "/articles/3" for 127.0.0.1 at 2015-03-02 22:10:45 -0400
Processing by ArticlesController#show as HTML
  Parameters: {"id"=>"3"}
  [1m[36mArticle Load (0.1ms)[0m  [1mSELECT  "articles".* FROM "articles"  WHERE "articles"."id" = ? LIMIT 1[0m  [["id", 3]]
  [1m[35mComment Load (0.1ms)[0m  SELECT "comments".* FROM "comments"  WHERE "comments"."article_id" = ?  [["article_id", 3]]
  Rendered collection (0.0ms)
  Rendered comments/_form.html.erb (35.9ms)
  Rendered articles/show.html.erb within layouts/application (77.2ms)
Completed 200 OK in 113ms (Views: 107.0ms | ActiveRecord: 0.5ms)


Started GET "/assets/articles.css?body=1" for 127.0.0.1 at 2015-03-02 22:10:46 -0400


Started GET "/assets/welcome.css?body=1" for 127.0.0.1 at 2015-03-02 22:10:46 -0400


Started GET "/assets/articles.js?body=1" for 127.0.0.1 at 2015-03-02 22:10:46 -0400


Started GET "/assets/turbolinks.js?body=1" for 127.0.0.1 at 2015-03-02 22:10:46 -0400


Started GET "/assets/jquery_ujs.js?body=1" for 127.0.0.1 at 2015-03-02 22:10:46 -0400


Started GET "/assets/application.css?body=1" for 127.0.0.1 at 2015-03-02 22:10:46 -0400


Started GET "/assets/jquery.js?body=1" for 127.0.0.1 at 2015-03-02 22:10:46 -0400


Started GET "/assets/welcome.js?body=1" for 127.0.0.1 at 2015-03-02 22:10:46 -0400


Started GET "/assets/application.js?body=1" for 127.0.0.1 at 2015-03-02 22:10:46 -0400


Started POST "/articles/3/comments" for 127.0.0.1 at 2015-03-02 22:11:00 -0400
Processing by CommentsController#create as HTML
  Parameters: {"utf8"=>"✓", "authenticity_token"=>"RSGymU+VTMYfin53DVYBapYbpp8FZ/JWNippsdS3zJs=", "comment"=>{"commenter"=>"qweqweqwead", "body"=>"asdasd"}, "commit"=>"Create Comment", "article_id"=>"3"}
  [1m[36mArticle Load (0.1ms)[0m  [1mSELECT  "articles".* FROM "articles"  WHERE "articles"."id" = ? LIMIT 1[0m  [["id", 3]]
  [1m[35m (0.0ms)[0m  begin transaction
  [1m[36mSQL (0.1ms)[0m  [1mINSERT INTO "comments" ("article_id", "body", "commenter", "created_at", "updated_at") VALUES (?, ?, ?, ?, ?)[0m  [["article_id", 3], ["body", "asdasd"], ["commenter", "qweqweqwead"], ["created_at", "2015-03-03 02:11:00.879830"], ["updated_at", "2015-03-03 02:11:00.879830"]]
  [1m[35m (343.7ms)[0m  commit transaction
Redirected to http://localhost:3000/articles/3
Completed 302 Found in 348ms (ActiveRecord: 344.0ms)


Started GET "/articles/3" for 127.0.0.1 at 2015-03-02 22:11:01 -0400
Processing by ArticlesController#show as HTML
  Parameters: {"id"=>"3"}
  [1m[36mArticle Load (0.1ms)[0m  [1mSELECT  "articles".* FROM "articles"  WHERE "articles"."id" = ? LIMIT 1[0m  [["id", 3]]
  [1m[35mComment Load (0.1ms)[0m  SELECT "comments".* FROM "comments"  WHERE "comments"."article_id" = ?  [["article_id", 3]]
  Rendered comments/_comment.html.erb (0.9ms)
  Rendered comments/_form.html.erb (2.3ms)
  Rendered articles/show.html.erb within layouts/application (5.6ms)
Completed 200 OK in 42ms (Views: 40.2ms | ActiveRecord: 0.1ms)


Started GET "/assets/articles.css?body=1" for 127.0.0.1 at 2015-03-02 22:11:01 -0400


Started GET "/assets/application.css?body=1" for 127.0.0.1 at 2015-03-02 22:11:01 -0400


Started GET "/assets/articles.js?body=1" for 127.0.0.1 at 2015-03-02 22:11:01 -0400


Started GET "/assets/turbolinks.js?body=1" for 127.0.0.1 at 2015-03-02 22:11:01 -0400


Started GET "/assets/welcome.css?body=1" for 127.0.0.1 at 2015-03-02 22:11:01 -0400


Started GET "/assets/jquery_ujs.js?body=1" for 127.0.0.1 at 2015-03-02 22:11:01 -0400


Started GET "/assets/jquery.js?body=1" for 127.0.0.1 at 2015-03-02 22:11:01 -0400


Started GET "/assets/welcome.js?body=1" for 127.0.0.1 at 2015-03-02 22:11:01 -0400


Started GET "/assets/application.js?body=1" for 127.0.0.1 at 2015-03-02 22:11:01 -0400


Started DELETE "/articles/3/comments/2" for 127.0.0.1 at 2015-03-02 22:14:30 -0400
Processing by CommentsController#destroy as HTML
  Parameters: {"authenticity_token"=>"RSGymU+VTMYfin53DVYBapYbpp8FZ/JWNippsdS3zJs=", "article_id"=>"3", "id"=>"2"}
  [1m[36mArticle Load (0.1ms)[0m  [1mSELECT  "articles".* FROM "articles"  WHERE "articles"."id" = ? LIMIT 1[0m  [["id", 3]]
  [1m[35mComment Load (0.2ms)[0m  SELECT  "comments".* FROM "comments"  WHERE "comments"."article_id" = ? AND "comments"."id" = ? LIMIT 1  [["article_id", 3], ["id", 2]]
  [1m[36m (0.0ms)[0m  [1mbegin transaction[0m
  [1m[35mSQL (0.1ms)[0m  DELETE FROM "comments" WHERE "comments"."id" = ?  [["id", 2]]
  [1m[36m (169.8ms)[0m  [1mcommit transaction[0m
Redirected to http://localhost:3000/articles/3
Completed 302 Found in 177ms (ActiveRecord: 170.2ms)


Started GET "/articles/3" for 127.0.0.1 at 2015-03-02 22:14:30 -0400
Processing by ArticlesController#show as HTML
  Parameters: {"id"=>"3"}
  [1m[35mArticle Load (0.1ms)[0m  SELECT  "articles".* FROM "articles"  WHERE "articles"."id" = ? LIMIT 1  [["id", 3]]
  [1m[36mComment Load (0.0ms)[0m  [1mSELECT "comments".* FROM "comments"  WHERE "comments"."article_id" = ?[0m  [["article_id", 3]]
  Rendered collection (0.0ms)
  Rendered comments/_form.html.erb (1.4ms)
  Rendered articles/show.html.erb within layouts/application (3.2ms)
Completed 200 OK in 42ms (Views: 40.7ms | ActiveRecord: 0.1ms)


Started GET "/assets/articles.css?body=1" for 127.0.0.1 at 2015-03-02 22:14:30 -0400


Started GET "/assets/jquery.js?body=1" for 127.0.0.1 at 2015-03-02 22:14:30 -0400


Started GET "/assets/application.css?body=1" for 127.0.0.1 at 2015-03-02 22:14:30 -0400


Started GET "/assets/welcome.css?body=1" for 127.0.0.1 at 2015-03-02 22:14:30 -0400


Started GET "/assets/jquery_ujs.js?body=1" for 127.0.0.1 at 2015-03-02 22:14:30 -0400


Started GET "/assets/turbolinks.js?body=1" for 127.0.0.1 at 2015-03-02 22:14:30 -0400


Started GET "/assets/welcome.js?body=1" for 127.0.0.1 at 2015-03-02 22:14:30 -0400


Started GET "/assets/articles.js?body=1" for 127.0.0.1 at 2015-03-02 22:14:31 -0400


Started GET "/assets/application.js?body=1" for 127.0.0.1 at 2015-03-02 22:14:31 -0400


Started GET "/articles/3/edit" for 127.0.0.1 at 2015-03-02 22:14:34 -0400
Processing by ArticlesController#edit as HTML
  Parameters: {"id"=>"3"}
  Rendered articles/_form.html.erb (41.4ms)
  Rendered articles/edit.html.erb within layouts/application (42.1ms)
Completed 500 Internal Server Error in 43ms

ActionView::Template::Error (First argument in form cannot contain nil or be empty):
    1: <%= form_for @article do |f| %>
    2:  
    3:   <% if @article.errors.any? %>
    4:     <div id="error_explanation">
  app/views/articles/_form.html.erb:1:in `_app_views_articles__form_html_erb___302954193_94751030'
  app/views/articles/edit.html.erb:3:in `_app_views_articles_edit_html_erb__17872854_94768730'


  Rendered /home/saasbook/.rvm/gems/ruby-1.9.3-p448/gems/actionpack-4.1.8/lib/action_dispatch/middleware/templates/rescues/_trace.html.erb (1.2ms)
  Rendered /home/saasbook/.rvm/gems/ruby-1.9.3-p448/gems/actionpack-4.1.8/lib/action_dispatch/middleware/templates/rescues/_request_and_response.html.erb (0.6ms)
  Rendered /home/saasbook/.rvm/gems/ruby-1.9.3-p448/gems/actionpack-4.1.8/lib/action_dispatch/middleware/templates/rescues/template_error.html.erb within rescues/layout (11.9ms)


Started GET "/articles/3/edit" for 127.0.0.1 at 2015-03-02 22:14:34 -0400
Processing by ArticlesController#edit as HTML
  Parameters: {"id"=>"3"}
  Rendered articles/_form.html.erb (0.4ms)
  Rendered articles/edit.html.erb within layouts/application (2.2ms)
Completed 500 Internal Server Error in 4ms

ActionView::Template::Error (First argument in form cannot contain nil or be empty):
    1: <%= form_for @article do |f| %>
    2:  
    3:   <% if @article.errors.any? %>
    4:     <div id="error_explanation">
  app/views/articles/_form.html.erb:1:in `_app_views_articles__form_html_erb___302954193_93490350'
  app/views/articles/edit.html.erb:3:in `_app_views_articles_edit_html_erb__17872854_93425200'


  Rendered /home/saasbook/.rvm/gems/ruby-1.9.3-p448/gems/actionpack-4.1.8/lib/action_dispatch/middleware/templates/rescues/_trace.html.erb (1.3ms)
  Rendered /home/saasbook/.rvm/gems/ruby-1.9.3-p448/gems/actionpack-4.1.8/lib/action_dispatch/middleware/templates/rescues/_request_and_response.html.erb (0.6ms)
  Rendered /home/saasbook/.rvm/gems/ruby-1.9.3-p448/gems/actionpack-4.1.8/lib/action_dispatch/middleware/templates/rescues/template_error.html.erb within rescues/layout (11.8ms)


Started GET "/articles" for 127.0.0.1 at 2015-03-02 22:14:40 -0400
Processing by ArticlesController#index as HTML
  [1m[35mArticle Load (0.1ms)[0m  SELECT "articles".* FROM "articles"
  Rendered articles/index.html.erb within layouts/application (1.5ms)
Completed 200 OK in 35ms (Views: 34.3ms | ActiveRecord: 0.1ms)


Started DELETE "/articles/3" for 127.0.0.1 at 2015-03-02 22:14:46 -0400
Processing by ArticlesController#destroy as HTML
  Parameters: {"authenticity_token"=>"RSGymU+VTMYfin53DVYBapYbpp8FZ/JWNippsdS3zJs=", "id"=>"3"}
  [1m[36mArticle Load (0.1ms)[0m  [1mSELECT  "articles".* FROM "articles"  WHERE "articles"."id" = ? LIMIT 1[0m  [["id", 3]]
  [1m[35m (0.1ms)[0m  begin transaction
  [1m[36mComment Load (0.0ms)[0m  [1mSELECT "comments".* FROM "comments"  WHERE "comments"."article_id" = ?[0m  [["article_id", 3]]
  [1m[35mSQL (0.1ms)[0m  DELETE FROM "articles" WHERE "articles"."id" = ?  [["id", 3]]
  [1m[36m (190.3ms)[0m  [1mcommit transaction[0m
Redirected to http://localhost:3000/articles
Completed 302 Found in 194ms (ActiveRecord: 190.5ms)


Started GET "/articles" for 127.0.0.1 at 2015-03-02 22:14:47 -0400
Processing by ArticlesController#index as HTML
  [1m[35mArticle Load (0.1ms)[0m  SELECT "articles".* FROM "articles"
  Rendered articles/index.html.erb within layouts/application (3.6ms)
Completed 200 OK in 77ms (Views: 76.1ms | ActiveRecord: 0.1ms)


Started GET "/assets/articles.css?body=1" for 127.0.0.1 at 2015-03-02 22:14:47 -0400


Started GET "/assets/welcome.css?body=1" for 127.0.0.1 at 2015-03-02 22:14:47 -0400


Started GET "/assets/welcome.js?body=1" for 127.0.0.1 at 2015-03-02 22:14:47 -0400


Started GET "/assets/articles.js?body=1" for 127.0.0.1 at 2015-03-02 22:14:47 -0400


Started GET "/assets/turbolinks.js?body=1" for 127.0.0.1 at 2015-03-02 22:14:47 -0400


Started GET "/assets/jquery.js?body=1" for 127.0.0.1 at 2015-03-02 22:14:47 -0400


Started GET "/assets/jquery_ujs.js?body=1" for 127.0.0.1 at 2015-03-02 22:14:47 -0400


Started GET "/assets/application.css?body=1" for 127.0.0.1 at 2015-03-02 22:14:47 -0400


Started GET "/assets/application.js?body=1" for 127.0.0.1 at 2015-03-02 22:14:47 -0400


Started GET "/articles/new" for 127.0.0.1 at 2015-03-02 22:26:09 -0400
Processing by ArticlesController#new as HTML
  Rendered articles/_form.html.erb (2.5ms)
  Rendered articles/new.html.erb within layouts/application (3.0ms)
Completed 200 OK in 40ms (Views: 39.0ms | ActiveRecord: 0.0ms)


Started GET "/assets/articles.css?body=1" for 127.0.0.1 at 2015-03-02 22:26:09 -0400


Started GET "/assets/welcome.css?body=1" for 127.0.0.1 at 2015-03-02 22:26:12 -0400


Started GET "/assets/application.css?body=1" for 127.0.0.1 at 2015-03-02 22:26:12 -0400


Started GET "/assets/welcome.js?body=1" for 127.0.0.1 at 2015-03-02 22:26:12 -0400


Started GET "/assets/articles.js?body=1" for 127.0.0.1 at 2015-03-02 22:26:12 -0400


Started GET "/assets/turbolinks.js?body=1" for 127.0.0.1 at 2015-03-02 22:26:12 -0400


Started GET "/assets/jquery_ujs.js?body=1" for 127.0.0.1 at 2015-03-02 22:26:12 -0400


Started GET "/assets/jquery.js?body=1" for 127.0.0.1 at 2015-03-02 22:26:12 -0400


Started GET "/assets/application.js?body=1" for 127.0.0.1 at 2015-03-02 22:26:12 -0400


Started POST "/articles" for 127.0.0.1 at 2015-03-02 22:28:46 -0400
Processing by ArticlesController#create as HTML
  Parameters: {"utf8"=>"✓", "authenticity_token"=>"RSGymU+VTMYfin53DVYBapYbpp8FZ/JWNippsdS3zJs=", "article"=>{"title"=>"newarticle1", "text"=>"this is some text in the article\r\n"}, "commit"=>"Create Article"}
  [1m[36m (0.1ms)[0m  [1mbegin transaction[0m
  [1m[35mSQL (0.1ms)[0m  INSERT INTO "articles" ("created_at", "text", "title", "updated_at") VALUES (?, ?, ?, ?)  [["created_at", "2015-03-03 02:28:46.619883"], ["text", "this is some text in the article\r\n"], ["title", "newarticle1"], ["updated_at", "2015-03-03 02:28:46.619883"]]
  [1m[36m (404.3ms)[0m  [1mcommit transaction[0m
Redirected to http://localhost:3000/articles/4
Completed 302 Found in 408ms (ActiveRecord: 404.5ms)


Started GET "/articles/4" for 127.0.0.1 at 2015-03-02 22:28:47 -0400
Processing by ArticlesController#show as HTML
  Parameters: {"id"=>"4"}
  [1m[35mArticle Load (0.1ms)[0m  SELECT  "articles".* FROM "articles"  WHERE "articles"."id" = ? LIMIT 1  [["id", 4]]
  [1m[36mComment Load (0.1ms)[0m  [1mSELECT "comments".* FROM "comments"  WHERE "comments"."article_id" = ?[0m  [["article_id", 4]]
  Rendered collection (0.0ms)
  Rendered comments/_form.html.erb (1.5ms)
  Rendered articles/show.html.erb within layouts/application (6.3ms)
Completed 200 OK in 58ms (Views: 55.0ms | ActiveRecord: 0.1ms)


Started GET "/assets/articles.css?body=1" for 127.0.0.1 at 2015-03-02 22:28:47 -0400


Started GET "/assets/articles.js?body=1" for 127.0.0.1 at 2015-03-02 22:28:47 -0400


Started GET "/assets/turbolinks.js?body=1" for 127.0.0.1 at 2015-03-02 22:28:47 -0400


Started GET "/assets/jquery_ujs.js?body=1" for 127.0.0.1 at 2015-03-02 22:28:47 -0400


Started GET "/assets/jquery.js?body=1" for 127.0.0.1 at 2015-03-02 22:28:47 -0400


Started GET "/assets/application.css?body=1" for 127.0.0.1 at 2015-03-02 22:28:47 -0400


Started GET "/assets/welcome.css?body=1" for 127.0.0.1 at 2015-03-02 22:28:47 -0400


Started GET "/assets/application.js?body=1" for 127.0.0.1 at 2015-03-02 22:28:47 -0400


Started GET "/assets/welcome.js?body=1" for 127.0.0.1 at 2015-03-02 22:28:47 -0400


Started POST "/articles/4/comments" for 127.0.0.1 at 2015-03-02 22:29:09 -0400
Processing by CommentsController#create as HTML
  Parameters: {"utf8"=>"✓", "authenticity_token"=>"RSGymU+VTMYfin53DVYBapYbpp8FZ/JWNippsdS3zJs=", "comment"=>{"commenter"=>"commenter1", "body"=>"hey, nice article!\r\n"}, "commit"=>"Create Comment", "article_id"=>"4"}
  [1m[35mArticle Load (0.1ms)[0m  SELECT  "articles".* FROM "articles"  WHERE "articles"."id" = ? LIMIT 1  [["id", 4]]
  [1m[36m (0.0ms)[0m  [1mbegin transaction[0m
  [1m[35mSQL (0.1ms)[0m  INSERT INTO "comments" ("article_id", "body", "commenter", "created_at", "updated_at") VALUES (?, ?, ?, ?, ?)  [["article_id", 4], ["body", "hey, nice article!\r\n"], ["commenter", "commenter1"], ["created_at", "2015-03-03 02:29:09.952117"], ["updated_at", "2015-03-03 02:29:09.952117"]]
  [1m[36m (531.5ms)[0m  [1mcommit transaction[0m
Redirected to http://localhost:3000/articles/4
Completed 302 Found in 537ms (ActiveRecord: 531.8ms)


Started GET "/articles/4" for 127.0.0.1 at 2015-03-02 22:29:10 -0400
Processing by ArticlesController#show as HTML
  Parameters: {"id"=>"4"}
  [1m[35mArticle Load (0.1ms)[0m  SELECT  "articles".* FROM "articles"  WHERE "articles"."id" = ? LIMIT 1  [["id", 4]]
  [1m[36mComment Load (0.1ms)[0m  [1mSELECT "comments".* FROM "comments"  WHERE "comments"."article_id" = ?[0m  [["article_id", 4]]
  Rendered comments/_comment.html.erb (0.3ms)
  Rendered comments/_form.html.erb (1.5ms)
  Rendered articles/show.html.erb within layouts/application (4.8ms)
Completed 200 OK in 41ms (Views: 40.2ms | ActiveRecord: 0.2ms)


Started GET "/assets/articles.css?body=1" for 127.0.0.1 at 2015-03-02 22:29:10 -0400


Started GET "/assets/articles.js?body=1" for 127.0.0.1 at 2015-03-02 22:29:10 -0400


Started GET "/assets/turbolinks.js?body=1" for 127.0.0.1 at 2015-03-02 22:29:10 -0400


Started GET "/assets/jquery_ujs.js?body=1" for 127.0.0.1 at 2015-03-02 22:29:10 -0400


Started GET "/assets/jquery.js?body=1" for 127.0.0.1 at 2015-03-02 22:29:10 -0400


Started GET "/assets/application.css?body=1" for 127.0.0.1 at 2015-03-02 22:29:10 -0400


Started GET "/assets/welcome.css?body=1" for 127.0.0.1 at 2015-03-02 22:29:10 -0400


Started GET "/assets/welcome.js?body=1" for 127.0.0.1 at 2015-03-02 22:29:10 -0400


Started GET "/assets/application.js?body=1" for 127.0.0.1 at 2015-03-02 22:29:10 -0400


Started POST "/articles/4/comments" for 127.0.0.1 at 2015-03-02 22:29:33 -0400
Processing by CommentsController#create as HTML
  Parameters: {"utf8"=>"✓", "authenticity_token"=>"RSGymU+VTMYfin53DVYBapYbpp8FZ/JWNippsdS3zJs=", "comment"=>{"commenter"=>"commenter2", "body"=>"generic comment1"}, "commit"=>"Create Comment", "article_id"=>"4"}
  [1m[35mArticle Load (0.1ms)[0m  SELECT  "articles".* FROM "articles"  WHERE "articles"."id" = ? LIMIT 1  [["id", 4]]
  [1m[36m (0.0ms)[0m  [1mbegin transaction[0m
  [1m[35mSQL (0.1ms)[0m  INSERT INTO "comments" ("article_id", "body", "commenter", "created_at", "updated_at") VALUES (?, ?, ?, ?, ?)  [["article_id", 4], ["body", "generic comment1"], ["commenter", "commenter2"], ["created_at", "2015-03-03 02:29:33.911144"], ["updated_at", "2015-03-03 02:29:33.911144"]]
  [1m[36m (378.5ms)[0m  [1mcommit transaction[0m
Redirected to http://localhost:3000/articles/4
Completed 302 Found in 382ms (ActiveRecord: 378.8ms)


Started GET "/articles/4" for 127.0.0.1 at 2015-03-02 22:29:34 -0400
Processing by ArticlesController#show as HTML
  Parameters: {"id"=>"4"}
  [1m[35mArticle Load (0.1ms)[0m  SELECT  "articles".* FROM "articles"  WHERE "articles"."id" = ? LIMIT 1  [["id", 4]]
  [1m[36mComment Load (0.1ms)[0m  [1mSELECT "comments".* FROM "comments"  WHERE "comments"."article_id" = ?[0m  [["article_id", 4]]
  Rendered comments/_comment.html.erb (0.6ms)
  Rendered comments/_form.html.erb (1.6ms)
  Rendered articles/show.html.erb within layouts/application (6.1ms)
Completed 200 OK in 42ms (Views: 38.8ms | ActiveRecord: 0.2ms)


Started GET "/assets/articles.css?body=1" for 127.0.0.1 at 2015-03-02 22:29:34 -0400


Started GET "/assets/welcome.css?body=1" for 127.0.0.1 at 2015-03-02 22:29:34 -0400


Started GET "/assets/articles.js?body=1" for 127.0.0.1 at 2015-03-02 22:29:34 -0400


Started GET "/assets/turbolinks.js?body=1" for 127.0.0.1 at 2015-03-02 22:29:34 -0400


Started GET "/assets/jquery_ujs.js?body=1" for 127.0.0.1 at 2015-03-02 22:29:34 -0400


Started GET "/assets/jquery.js?body=1" for 127.0.0.1 at 2015-03-02 22:29:34 -0400


Started GET "/assets/application.css?body=1" for 127.0.0.1 at 2015-03-02 22:29:34 -0400


Started GET "/assets/welcome.js?body=1" for 127.0.0.1 at 2015-03-02 22:29:34 -0400


Started GET "/assets/application.js?body=1" for 127.0.0.1 at 2015-03-02 22:29:34 -0400
